Using pre-set license
Built from '2020.3/staging' branch; Version is '2020.3.11f1 (99c7afb366b3) revision 10078127'; Using compiler version '192528614'; Build Type 'Release'
OS: 'Windows 10 Home; OS build 22000.318; Version 2009; 64bit' Language: 'en' Physical Memory: 8000 MB
BatchMode: 1, IsHumanControllingUs: 0, StartBugReporterOnCrash: 0, Is64bit: 1, IsPro: 0

 COMMAND LINE ARGUMENTS:
D:\unity\2020.3.11f1\Editor\Unity.exe
-adb2
-batchMode
-noUpm
-name
AssetImportWorker0
-projectPath
D:/Gameloft/DevTest_Mabo
-logFile
Logs/AssetImportWorker0.log
-srvPort
62370
Successfully changed project path to: D:/Gameloft/DevTest_Mabo
D:/Gameloft/DevTest_Mabo
Using Asset Import Pipeline V2.
Refreshing native plugins compatible for Editor in 52.57 ms, found 2 plugins.
Preloading 0 native plugins for Editor in 0.00 ms.
Initialize engine version: 2020.3.11f1 (99c7afb366b3)
[Subsystems] Discovering subsystems at path D:/unity/2020.3.11f1/Editor/Data/Resources/UnitySubsystems
[Subsystems] Discovering subsystems at path D:/Gameloft/DevTest_Mabo/Assets
GfxDevice: creating device client; threaded=0
Direct3D:
    Version:  Direct3D 11.0 [level 11.1]
    Renderer: NVIDIA GeForce GTX 1650 (ID=0x1f91)
    Vendor:   
    VRAM:     3962 MB
    Driver:   30.0.14.7219
Initialize mono
Mono path[0] = 'D:/unity/2020.3.11f1/Editor/Data/Managed'
Mono path[1] = 'D:/unity/2020.3.11f1/Editor/Data/MonoBleedingEdge/lib/mono/unityjit'
Mono config path = 'D:/unity/2020.3.11f1/Editor/Data/MonoBleedingEdge/etc'
Using monoOptions --debugger-agent=transport=dt_socket,embedding=1,server=y,suspend=n,address=127.0.0.1:56328
Begin MonoManager ReloadAssembly
Registering precompiled unity dll's ...
Register platform support module: D:/unity/2020.3.11f1/Editor/Data/PlaybackEngines/WindowsStandaloneSupport/UnityEditor.WindowsStandalone.Extensions.dll
Registered in 0.000744 seconds.
Native extension for WindowsStandalone target not found
Refreshing native plugins compatible for Editor in 53.02 ms, found 2 plugins.
Preloading 0 native plugins for Editor in 0.00 ms.
Mono: successfully reloaded assembly
- Completed reload, in  1.863 seconds
Platform modules already initialized, skipping
Registering precompiled user dll's ...
Registered in 0.003867 seconds.
Begin MonoManager ReloadAssembly
Native extension for WindowsStandalone target not found
Refreshing native plugins compatible for Editor in 0.58 ms, found 2 plugins.
Preloading 0 native plugins for Editor in 0.00 ms.
Mono: successfully reloaded assembly
- Completed reload, in  0.955 seconds
Platform modules already initialized, skipping
========================================================================
Worker process is ready to serve import requests
Launched and connected shader compiler UnityShaderCompiler.exe after 0.08 seconds
Refreshing native plugins compatible for Editor in 0.58 ms, found 2 plugins.
Preloading 0 native plugins for Editor in 0.00 ms.
Unloading 1907 Unused Serialized files (Serialized files now loaded: 0)
System memory in use before: 121.6 MB.
System memory in use after: 117.1 MB.

Unloading 39 unused Assets to reduce memory usage. Loaded Objects now: 2338.
Total: 5.058500 ms (FindLiveObjects: 0.434300 ms CreateObjectMapping: 0.138500 ms MarkObjects: 2.395200 ms  DeleteObjects: 2.088200 ms)

========================================================================
Received Import Request.
  path: Assets/Scripts/Managers/LevelManager.cs
  artifactKey: Guid(4042600a31a25ba43b973b4cb1d32064) Importer(815301076,1909f56bfc062723c751e8b465ee728b)
Start importing Assets/Scripts/Managers/LevelManager.cs using Guid(4042600a31a25ba43b973b4cb1d32064) Importer(815301076,1909f56bfc062723c751e8b465ee728b)  -> (artifact id: '42f6fa7bb8f4963a1c2a084e5ceaf485') in 0.077970 seconds
  Import took 0.081788 seconds .

========================================================================
Received Prepare
Registering precompiled user dll's ...
Registered in 0.195726 seconds.
Begin MonoManager ReloadAssembly
Native extension for WindowsStandalone target not found
Refreshing native plugins compatible for Editor in 1.53 ms, found 2 plugins.
Preloading 0 native plugins for Editor in 0.00 ms.
Mono: successfully reloaded assembly
- Completed reload, in  1.177 seconds
Platform modules already initialized, skipping
Refreshing native plugins compatible for Editor in 0.62 ms, found 2 plugins.
Preloading 0 native plugins for Editor in 0.00 ms.
Unloading 1819 Unused Serialized files (Serialized files now loaded: 0)
System memory in use before: 113.1 MB.
System memory in use after: 108.6 MB.

Unloading 34 unused Assets to reduce memory usage. Loaded Objects now: 2342.
Total: 4.112700 ms (FindLiveObjects: 0.193500 ms CreateObjectMapping: 0.061000 ms MarkObjects: 1.846600 ms  DeleteObjects: 2.010500 ms)

========================================================================
Received Import Request.
  Time since last request: 954.591657 seconds.
  path: Assets/GameFiles
  artifactKey: Guid(a98f1f4722abee349954a4d338a258c2) Importer(815301076,1909f56bfc062723c751e8b465ee728b)
Start importing Assets/GameFiles using Guid(a98f1f4722abee349954a4d338a258c2) Importer(815301076,1909f56bfc062723c751e8b465ee728b)  -> (artifact id: '3597da5cdbd95244cb6cb5e753a80c48') in 0.012068 seconds
  Import took 0.016785 seconds .

========================================================================
Received Prepare
Registering precompiled user dll's ...
Registered in 0.003661 seconds.
Begin MonoManager ReloadAssembly
Native extension for WindowsStandalone target not found
Refreshing native plugins compatible for Editor in 0.61 ms, found 2 plugins.
Preloading 0 native plugins for Editor in 0.00 ms.
Mono: successfully reloaded assembly
- Completed reload, in  0.900 seconds
Platform modules already initialized, skipping
Refreshing native plugins compatible for Editor in 0.59 ms, found 2 plugins.
Preloading 0 native plugins for Editor in 0.00 ms.
Unloading 1819 Unused Serialized files (Serialized files now loaded: 0)
System memory in use before: 113.1 MB.
System memory in use after: 108.7 MB.

Unloading 34 unused Assets to reduce memory usage. Loaded Objects now: 2345.
Total: 4.226400 ms (FindLiveObjects: 0.186900 ms CreateObjectMapping: 0.057900 ms MarkObjects: 1.974300 ms  DeleteObjects: 2.006400 ms)

========================================================================
Received Import Request.
  Time since last request: 25.431509 seconds.
  path: Assets/0_GameFiles
  artifactKey: Guid(a98f1f4722abee349954a4d338a258c2) Importer(815301076,1909f56bfc062723c751e8b465ee728b)
Start importing Assets/0_GameFiles using Guid(a98f1f4722abee349954a4d338a258c2) Importer(815301076,1909f56bfc062723c751e8b465ee728b)  -> (artifact id: 'de21b498565b5e3e7b3405ccf5061113') in 0.012298 seconds
  Import took 0.019802 seconds .

========================================================================
Received Prepare
Registering precompiled user dll's ...
Registered in 0.003697 seconds.
Begin MonoManager ReloadAssembly
Native extension for WindowsStandalone target not found
Refreshing native plugins compatible for Editor in 0.60 ms, found 2 plugins.
Preloading 0 native plugins for Editor in 0.00 ms.
Mono: successfully reloaded assembly
- Completed reload, in  0.873 seconds
Platform modules already initialized, skipping
Refreshing native plugins compatible for Editor in 0.59 ms, found 2 plugins.
Preloading 0 native plugins for Editor in 0.00 ms.
Unloading 1819 Unused Serialized files (Serialized files now loaded: 0)
System memory in use before: 113.2 MB.
System memory in use after: 108.7 MB.

Unloading 34 unused Assets to reduce memory usage. Loaded Objects now: 2348.
Total: 4.136900 ms (FindLiveObjects: 0.185500 ms CreateObjectMapping: 0.053400 ms MarkObjects: 1.845100 ms  DeleteObjects: 2.052100 ms)

========================================================================
Received Import Request.
  Time since last request: 11.034683 seconds.
  path: Assets/0_GameFiles/Prefabs
  artifactKey: Guid(2da532de401f5a74188731f3b2a779f7) Importer(815301076,1909f56bfc062723c751e8b465ee728b)
Start importing Assets/0_GameFiles/Prefabs using Guid(2da532de401f5a74188731f3b2a779f7) Importer(815301076,1909f56bfc062723c751e8b465ee728b)  -> (artifact id: '10ec460c5158db67b7338172403656d1') in 0.009821 seconds
  Import took 0.014722 seconds .

========================================================================
Received Import Request.
  Time since last request: 0.011202 seconds.
  path: Assets/0_GameFiles/Prefabs
  artifactKey: Guid(2da532de401f5a74188731f3b2a779f7) Importer(815301076,1909f56bfc062723c751e8b465ee728b)
Start importing Assets/0_GameFiles/Prefabs using Guid(2da532de401f5a74188731f3b2a779f7) Importer(815301076,1909f56bfc062723c751e8b465ee728b)  -> (artifact id: '10ec460c5158db67b7338172403656d1') in 0.005239 seconds
  Import took 0.011106 seconds .

========================================================================
Received Prepare
Registering precompiled user dll's ...
Registered in 0.003756 seconds.
Begin MonoManager ReloadAssembly
Native extension for WindowsStandalone target not found
Refreshing native plugins compatible for Editor in 0.58 ms, found 2 plugins.
Preloading 0 native plugins for Editor in 0.00 ms.
Mono: successfully reloaded assembly
- Completed reload, in  0.890 seconds
Platform modules already initialized, skipping
Refreshing native plugins compatible for Editor in 0.59 ms, found 2 plugins.
Preloading 0 native plugins for Editor in 0.00 ms.
Unloading 1819 Unused Serialized files (Serialized files now loaded: 0)
System memory in use before: 113.2 MB.
System memory in use after: 108.7 MB.

Unloading 34 unused Assets to reduce memory usage. Loaded Objects now: 2351.
Total: 4.340100 ms (FindLiveObjects: 0.207100 ms CreateObjectMapping: 0.070500 ms MarkObjects: 1.885200 ms  DeleteObjects: 2.175900 ms)

========================================================================
Received Import Request.
  Time since last request: 234.554126 seconds.
  path: Assets/0_GameFiles/Prefabs/Platform Runner/Prefabs/Plateforme_lvl_corner.prefab
  artifactKey: Guid(9ccf5b5dca01b4149b3ca1865c16615d) Importer(815301076,1909f56bfc062723c751e8b465ee728b)
Start importing Assets/0_GameFiles/Prefabs/Platform Runner/Prefabs/Plateforme_lvl_corner.prefab using Guid(9ccf5b5dca01b4149b3ca1865c16615d) Importer(815301076,1909f56bfc062723c751e8b465ee728b)  -> (artifact id: 'e10a56412b2a770a29545abc8c0648e6') in 2.474089 seconds
  Import took 2.486905 seconds .

========================================================================
Received Import Request.
  Time since last request: 0.000275 seconds.
  path: Assets/0_GameFiles/Prefabs/Platform Runner/Prefabs/Plateforme_lvl.prefab
  artifactKey: Guid(634ea935f0deef74889b30bb9a565be5) Importer(815301076,1909f56bfc062723c751e8b465ee728b)
Start importing Assets/0_GameFiles/Prefabs/Platform Runner/Prefabs/Plateforme_lvl.prefab using Guid(634ea935f0deef74889b30bb9a565be5) Importer(815301076,1909f56bfc062723c751e8b465ee728b)  -> (artifact id: '8a6312b55f8f42d01e0449cd1369289f') in 0.015983 seconds
  Import took 0.018781 seconds .

========================================================================
Received Import Request.
  Time since last request: 1.261044 seconds.
  path: Assets/0_GameFiles/Prefabs/Platform Runner/Prefabs/Plateforme_lvl.prefab
  artifactKey: Guid(634ea935f0deef74889b30bb9a565be5) Importer(815301076,1909f56bfc062723c751e8b465ee728b)
Start importing Assets/0_GameFiles/Prefabs/Platform Runner/Prefabs/Plateforme_lvl.prefab using Guid(634ea935f0deef74889b30bb9a565be5) Importer(815301076,1909f56bfc062723c751e8b465ee728b)  -> (artifact id: '8a6312b55f8f42d01e0449cd1369289f') in 0.019889 seconds
  Import took 0.023297 seconds .

========================================================================
Received Import Request.
  Time since last request: 54.152040 seconds.
  path: Assets/Resources
  artifactKey: Guid(532cbb2d5f7ac3c489d1f903468b4a34) Importer(815301076,1909f56bfc062723c751e8b465ee728b)
Start importing Assets/Resources using Guid(532cbb2d5f7ac3c489d1f903468b4a34) Importer(815301076,1909f56bfc062723c751e8b465ee728b)  -> (artifact id: '55417d491f5ea0a2f10f9a1447051b7b') in 0.009196 seconds
  Import took 0.012427 seconds .

========================================================================
Received Import Request.
  Time since last request: 3.954882 seconds.
  path: Assets/0_GameFiles/Levels/Level1.prefab
  artifactKey: Guid(9970c5a46094f584c8ba20c0c754dc43) Importer(815301076,1909f56bfc062723c751e8b465ee728b)
Start importing Assets/0_GameFiles/Levels/Level1.prefab using Guid(9970c5a46094f584c8ba20c0c754dc43) Importer(815301076,1909f56bfc062723c751e8b465ee728b)  -> (artifact id: '5879b5ca22e35844af3fcbbcca2cee77') in 0.108445 seconds
  Import took 0.112064 seconds .

========================================================================
Received Import Request.
  Time since last request: 42.372026 seconds.
  path: Assets/0_GameFiles/Prefabs/Ship.prefab
  artifactKey: Guid(7aed1311bf0ec5943b261e4223827d66) Importer(815301076,1909f56bfc062723c751e8b465ee728b)
Start importing Assets/0_GameFiles/Prefabs/Ship.prefab using Guid(7aed1311bf0ec5943b261e4223827d66) Importer(815301076,1909f56bfc062723c751e8b465ee728b)  -> (artifact id: '4170247d4029d8677d2a415da15cbf4f') in 0.048872 seconds
  Import took 0.052230 seconds .

========================================================================
Received Import Request.
  Time since last request: 15.479345 seconds.
  path: Assets/[DUCKY MODULES]
  artifactKey: Guid(f912b2ddbff66cf4cbf7496257bcb319) Importer(815301076,1909f56bfc062723c751e8b465ee728b)
Start importing Assets/[DUCKY MODULES] using Guid(f912b2ddbff66cf4cbf7496257bcb319) Importer(815301076,1909f56bfc062723c751e8b465ee728b)  -> (artifact id: '677a6c16b57ae666ab7460657e42b308') in 0.009465 seconds
  Import took 0.012848 seconds .

========================================================================
Received Prepare
Registering precompiled user dll's ...
Registered in 0.277574 seconds.
Begin MonoManager ReloadAssembly
Native extension for WindowsStandalone target not found
Refreshing native plugins compatible for Editor in 0.65 ms, found 2 plugins.
Preloading 0 native plugins for Editor in 0.00 ms.
Mono: successfully reloaded assembly
- Completed reload, in  5.597 seconds
Platform modules already initialized, skipping
Refreshing native plugins compatible for Editor in 0.60 ms, found 2 plugins.
Preloading 0 native plugins for Editor in 0.00 ms.
Unloading 1819 Unused Serialized files (Serialized files now loaded: 0)
System memory in use before: 116.6 MB.
System memory in use after: 112.1 MB.

Unloading 35 unused Assets to reduce memory usage. Loaded Objects now: 2363.
Total: 4.162200 ms (FindLiveObjects: 0.245400 ms CreateObjectMapping: 0.063400 ms MarkObjects: 1.864000 ms  DeleteObjects: 1.988100 ms)

AssetImportWorkerClient::OnTransportError - code=2 error=End of file
